
================================================================
======== txAdmin v6.0.2 atop fxserver 7290 Starting - 15/12/2024 4:33:34
================================================================
[04:34:11][GluOz] created admins file
[04:34:36][GluOz] Changing global settings via setup stepper and started Deployer.
[04:34:41][GluOz] Setting recipe.
[04:35:39][GluOz] Running recipe.

================================================================
======== txAdmin v6.0.2 atop fxserver 7290 Starting - 15/12/2024 4:37:47
================================================================
[04:37:52][GluOz] logged in from 127.0.0.1 via password
[04:38:25][GluOz] Changing global/fxserver settings via setup stepper.
[04:39:33][GluOz] Changing fxRunner settings.
[04:39:39][GluOz] Changing global settings.
[04:41:27][GluOz] executed "RESTART SERVER"

================================================================
======== txAdmin v6.0.2 atop fxserver 7290 Starting - 15/12/2024 4:47:43
================================================================
[04:47:52][GluOz] logged in from 127.0.0.1 via password

================================================================
======== txAdmin v6.0.2 atop fxserver 7290 Starting - 15/12/2024 4:51:33
================================================================
[04:51:36][GluOz] logged in from 127.0.0.1 via password

================================================================
======== txAdmin v6.0.2 atop fxserver 7290 Starting - 15/12/2024 4:53:04
================================================================
[04:53:08][GluOz] logged in from 127.0.0.1 via password

================================================================
======== txAdmin v6.0.2 atop fxserver 7290 Starting - 15/12/2024 5:05:34
================================================================

================================================================
======== txAdmin v6.0.2 atop fxserver 7290 Starting - 15/12/2024 5:24:44
================================================================
[05:24:48][GluOz] logged in from 127.0.0.1 via password

================================================================
======== txAdmin v6.0.2 atop fxserver 7290 Starting - 15/12/2024 5:26:13
================================================================
[05:26:36][GluOz] logged in from 127.0.0.1 via password

================================================================
======== txAdmin v6.0.2 atop fxserver 7290 Starting - 15/12/2024 5:28:38
================================================================
[05:28:44][GluOz] logged in from 127.0.0.1 via password

================================================================
======== txAdmin v6.0.2 atop fxserver 7290 Starting - 15/12/2024 5:30:05
================================================================

================================================================
======== txAdmin v6.0.2 atop fxserver 7290 Starting - 15/12/2024 5:31:02
================================================================
[05:31:05][GluOz] logged in from 127.0.0.1 via password

================================================================
======== txAdmin v6.0.2 atop fxserver 7290 Starting - 15/12/2024 5:34:05
================================================================

================================================================
======== txAdmin v6.0.2 atop fxserver 7290 Starting - 15/12/2024 5:36:36
================================================================

================================================================
======== txAdmin v6.0.2 atop fxserver 7290 Starting - 15/12/2024 5:39:37
================================================================
[05:39:55][GluOz] logged in from 127.0.0.1 via password

================================================================
======== txAdmin v6.0.2 atop fxserver 7290 Starting - 15/12/2024 5:40:40
================================================================

================================================================
======== txAdmin v6.0.2 atop fxserver 7290 Starting - 15/12/2024 5:42:14
================================================================
[05:42:17][GluOz] logged in from 127.0.0.1 via password

================================================================
======== txAdmin v6.0.2 atop fxserver 7290 Starting - 15/12/2024 5:44:10
================================================================
[05:44:24][GluOz] logged in from 127.0.0.1 via password

================================================================
======== txAdmin v6.0.2 atop fxserver 7290 Starting - 15/12/2024 5:45:32
================================================================

================================================================
======== txAdmin v6.0.2 atop fxserver 7290 Starting - 15/12/2024 5:45:52
================================================================

================================================================
======== txAdmin v6.0.2 atop fxserver 7290 Starting - 15/12/2024 5:46:47
================================================================
[05:47:20][GluOz] logged in from 127.0.0.1 via password
[05:47:28][GluOz] executed "hola"

================================================================
======== txAdmin v6.0.2 atop fxserver 7290 Starting - 15/12/2024 5:49:37
================================================================
[05:49:50][GluOz] logged in from 127.0.0.1 via password

================================================================
======== txAdmin v6.0.2 atop fxserver 7290 Starting - 15/12/2024 5:52:23
================================================================
[05:52:36][GluOz] logged in from 127.0.0.1 via password
[05:52:47][GluOz] executed "start menu1"

================================================================
======== txAdmin v6.0.2 atop fxserver 7290 Starting - 15/12/2024 5:55:14
================================================================

================================================================
======== txAdmin v6.0.2 atop fxserver 7290 Starting - 15/12/2024 5:57:55
================================================================

================================================================
======== txAdmin v6.0.2 atop fxserver 7290 Starting - 15/12/2024 6:00:03
================================================================
[06:00:17][GluOz] logged in from 127.0.0.1 via password

================================================================
======== txAdmin v6.0.2 atop fxserver 7290 Starting - 15/12/2024 6:01:27
================================================================
[06:01:51][GluOz] logged in from 127.0.0.1 via password

================================================================
======== txAdmin v6.0.2 atop fxserver 7290 Starting - 15/12/2024 6:04:07
================================================================
[06:04:25][GluOz] logged in from 127.0.0.1 via password

================================================================
======== txAdmin v6.0.2 atop fxserver 7290 Starting - 15/12/2024 6:07:23
================================================================

================================================================
======== txAdmin v6.0.2 atop fxserver 7290 Starting - 15/12/2024 6:11:15
================================================================
[06:11:21][GluOz] logged in from 127.0.0.1 via password

================================================================
======== txAdmin v6.0.2 atop fxserver 7290 Starting - 15/12/2024 6:14:40
================================================================

================================================================
======== txAdmin v6.0.2 atop fxserver 7290 Starting - 15/12/2024 6:15:32
================================================================

================================================================
======== txAdmin v6.0.2 atop fxserver 7290 Starting - 15/12/2024 6:17:34
================================================================

================================================================
======== txAdmin v6.0.2 atop fxserver 7290 Starting - 15/12/2024 6:21:49
================================================================

================================================================
======== txAdmin v6.0.2 atop fxserver 7290 Starting - 15/12/2024 6:24:30
================================================================

================================================================
======== txAdmin v6.0.2 atop fxserver 7290 Starting - 15/12/2024 6:25:05
================================================================
